<<<<<<< HEAD
WdgMtb: ACCESS Conic@ROUND is AVAILABLE (CB)
WdgMtb: ACCESS Conic@ROUND is AVAILABLE (CB)
WdgMtb: ACCESS Conic@ROUND is AVAILABLE (CB)
WdgMtb: ACCESS Conic@ROUND is AVAILABLE (CB)
WdgMtb: ACCESS roundflip@ROUND is unavailable (CB)
WdgMtb: ACCESS AddRadius@Dr0@ROUND is AVAILABLE (CB)
WdgMtb: ACCESS DelRadius@Dr0@ROUND is invisible (UI)
WdgMtb: ACCESS Conic@ROUND is AVAILABLE (CB)
WdgMtb: ACCESS roundflip@ROUND is unavailable (CB)
WdgMtb: ACCESS AddRadius@Dr0@ROUND is AVAILABLE (CB)
WdgMtb: ACCESS DelRadius@Dr0@ROUND is invisible (UI)
WdgMtb: ACCESS Conic@ROUND is AVAILABLE (CB)
WdgMtb: ACCESS roundflip@ROUND is unavailable (CB)
WdgMtb: ACCESS AddRadius@Dr0@ROUND is AVAILABLE (CB)
WdgMtb: ACCESS DelRadius@Dr0@ROUND is invisible (UI)
WdgMtb: ACCESS Conic@ROUND is AVAILABLE (CB)
WdgMtb: ACCESS Conic@ROUND is AVAILABLE (CB)
WdgMtb: ACCESS roundflip@ROUND is unavailable (CB)
WdgMtb: ACCESS AddRadius@Dr0@ROUND is AVAILABLE (CB)
WdgMtb: ACCESS DelRadius@Dr0@ROUND is invisible (UI)
WdgMtb: ACCESS Conic@ROUND is AVAILABLE (CB)
WdgMtb: ACCESS roundflip@ROUND is unavailable (CB)
WdgMtb: ACCESS AddRadius@Dr0@ROUND is AVAILABLE (CB)
WdgMtb: ACCESS DelRadius@Dr0@ROUND is invisible (UI)
=======
WdgMtb: ACCESS DimenSch@CHAMFER is AVAILABLE (CB)
WdgMtb: ACCESS DimenSch@CHAMFER is AVAILABLE (CB)
WdgMtb: ACCESS DimenSch@CHAMFER is AVAILABLE (CB)
WdgMtb: ACCESS DimenSch@CHAMFER is AVAILABLE (CB)
WdgMtb: ACCESS D1xD2_flip@CHAMFER is unavailable (CB)
WdgMtb: ACCESS DimenSch@CHAMFER is AVAILABLE (CB)
WdgMtb: ACCESS D1xD2_flip@CHAMFER is unavailable (CB)
WdgMtb: ACCESS DimenSch@CHAMFER is AVAILABLE (CB)
WdgMtb: ACCESS DimenSch@CHAMFER is AVAILABLE (CB)
WdgMtb: ACCESS D1xD2_flip@CHAMFER is unavailable (CB)
WdgMtb: ACCESS DimenSch@CHAMFER is AVAILABLE (CB)
WdgMtb: ACCESS D1xD2_flip@CHAMFER is unavailable (CB)
WdgMtb: ACCESS DimenSch@CHAMFER is AVAILABLE (CB)
WdgMtb: ACCESS DimenSch@CHAMFER is AVAILABLE (CB)
WdgMtb: ACCESS D1xD2_flip@CHAMFER is unavailable (CB)
WdgMtb: ACCESS DimenSch@CHAMFER is AVAILABLE (CB)
WdgMtb: ACCESS D1xD2_flip@CHAMFER is unavailable (CB)
WdgMtb: ACCESS DimenSch@CHAMFER is AVAILABLE (CB)
WdgMtb: ACCESS D1xD2_flip@CHAMFER is unavailable (CB)
WdgMtb: ACCESS DimenSch@CHAMFER is AVAILABLE (CB)
WdgMtb: ACCESS D1xD2_flip@CHAMFER is unavailable (CB)
WdgMtb: ACCESS DimenSch@CHAMFER is AVAILABLE (CB)
WdgMtb: ACCESS D1xD2_flip@CHAMFER is unavailable (CB)
WdgMtb: ACCESS DimenSch@CHAMFER is AVAILABLE (CB)
WdgMtb: ACCESS D1xD2_flip@CHAMFER is unavailable (CB)
WdgMtb: ACCESS DimenSch@CHAMFER is AVAILABLE (CB)
WdgMtb: ACCESS D1xD2_flip@CHAMFER is unavailable (CB)
WdgMtb: ACCESS DimenSch@CHAMFER is AVAILABLE (CB)
WdgMtb: ACCESS D1xD2_flip@CHAMFER is unavailable (CB)
WdgMtb: ACCESS DimenSch@CHAMFER is AVAILABLE (CB)
WdgMtb: ACCESS D1xD2_flip@CHAMFER is unavailable (CB)
WdgMtb: ACCESS DimenSch@CHAMFER is AVAILABLE (CB)
WdgMtb: ACCESS D1xD2_flip@CHAMFER is unavailable (CB)
WdgMtb: ACCESS DimenSch@CHAMFER is AVAILABLE (CB)
WdgMtb: ACCESS D1xD2_flip@CHAMFER is unavailable (CB)
WdgMtb: ACCESS DimenSch@CHAMFER is AVAILABLE (CB)
WdgMtb: ACCESS D1xD2_flip@CHAMFER is unavailable (CB)
WdgMtb: ACCESS DimenSch@CHAMFER is AVAILABLE (CB)
WdgMtb: ACCESS D1xD2_flip@CHAMFER is unavailable (CB)
WdgMtb: ACCESS DimenSch@CHAMFER is AVAILABLE (CB)
WdgMtb: ACCESS D1xD2_flip@CHAMFER is unavailable (CB)
WdgMtb: ACCESS DimenSch@CHAMFER is AVAILABLE (CB)
WdgMtb: ACCESS D1xD2_flip@CHAMFER is unavailable (CB)
WdgMtb: ACCESS DimenSch@CHAMFER is AVAILABLE (CB)
WdgMtb: ACCESS D1xD2_flip@CHAMFER is unavailable (CB)
WdgMtb: ACCESS DimenSch@CHAMFER is AVAILABLE (CB)
WdgMtb: ACCESS D1xD2_flip@CHAMFER is unavailable (CB)
WdgMtb: ACCESS DimenSch@CHAMFER is AVAILABLE (CB)
WdgMtb: ACCESS D1xD2_flip@CHAMFER is unavailable (CB)
WdgMtb: ACCESS DimenSch@CHAMFER is AVAILABLE (CB)
WdgMtb: ACCESS D1xD2_flip@CHAMFER is unavailable (CB)
WdgMtb: ACCESS DimenSch@CHAMFER is AVAILABLE (CB)
WdgMtb: ACCESS D1xD2_flip@CHAMFER is unavailable (CB)
WdgMtb: ACCESS DimenSch@CHAMFER is AVAILABLE (CB)
WdgMtb: ACCESS D1xD2_flip@CHAMFER is unavailable (CB)
WdgMtb: ACCESS DimenSch@CHAMFER is AVAILABLE (CB)
WdgMtb: ACCESS D1xD2_flip@CHAMFER is unavailable (CB)
WdgMtb: ACCESS DimenSch@CHAMFER is AVAILABLE (CB)
WdgMtb: ACCESS D1xD2_flip@CHAMFER is unavailable (CB)
WdgMtb: ACCESS DimenSch@CHAMFER is AVAILABLE (CB)
WdgMtb: ACCESS D1xD2_flip@CHAMFER is unavailable (CB)
WdgMtb: ACCESS DimenSch@CHAMFER is AVAILABLE (CB)
WdgMtb: ACCESS D1xD2_flip@CHAMFER is unavailable (CB)
>>>>>>> 8e0a26780eafa0354abc2f02f25908824a5272f3
